[2021-09-29T06:22:01.150Z] debug: [twx-studio:upgrade:PathToCounter] Begin upgrade of project
[2021-09-29T06:22:01.154Z] info: [twx-studio:upgrade:PathToCounter] Upgrading project
[2021-09-29T06:22:01.181Z] debug: [twx-studio:upgrade:PathToCounter] Make sure there are not any stale files lying around
[2021-09-29T06:22:01.182Z] debug: [twx-studio:upgrade:PathToCounter] Create .gitignore for project dir
[2021-09-29T06:22:01.183Z] debug: [twx-studio:upgrade:PathToCounter] Copying /src/**/* to project, overwrite=false
[2021-09-29T06:22:01.184Z] debug: [twx-studio:upgrade:PathToCounter] Copying /**/* to project, skip /src/**/*,  overwrite=true
[2021-09-29T06:22:01.216Z] debug: [twx-studio:upgrade:PathToCounter] Copy of project files complete
[2021-09-29T06:22:01.216Z] debug: [twx-studio:upgrade:PathToCounter] Updating version to 
[2021-09-29T06:22:01.216Z] debug: [twx-studio:upgrade:PathToCounter] onupgrade sucessful, now build the project
[2021-09-29T06:22:01.217Z] debug: [twx-studio:upgrade:PathToCounter] BEGIN buildApp
[2021-09-29T06:22:01.217Z] debug: [twx-studio:upgrade:PathToCounter] write settings
[2021-09-29T06:22:01.217Z] debug: [twx-studio:upgrade:PathToCounter] copy runtime extensions
[2021-09-29T06:22:01.328Z] debug: [twx-studio:upgrade:PathToCounter] packageThemeSet
[2021-09-29T06:22:01.852Z] debug: [twx-studio:upgrade:PathToCounter] onBuild
[2021-09-29T06:22:01.852Z] info: [twx-studio:upgrade:PathToCounter] Building ves-ar-extension app:
[2021-09-29T06:22:01.865Z] debug: [twx-studio:upgrade:PathToCounter] pathDir
[2021-09-29T06:22:01.865Z] debug: [twx-studio:upgrade:PathToCounter] scaffoldDir
[2021-09-29T06:22:01.865Z] debug: [twx-studio:upgrade:PathToCounter] copySrc
[2021-09-29T06:22:01.940Z] debug: [twx-studio:upgrade:PathToCounter] buildApp
[2021-09-29T06:22:02.036Z] debug: [twx-studio:upgrade:PathToCounter] END buildApp
[2021-09-29T06:22:02.036Z] debug: [twx-studio:upgrade:PathToCounter] Build succeeded.
